{
"contracts\\DisputeResolution.sol":{"l":{"117":46,"118":46,"122":4,"123":4,"127":3,"128":3,"135":45,"143":45,"149":0,"150":0,"156":0,"157":0,"178":4,"180":4,"181":4,"182":4,"184":4,"198":4,"200":4,"202":4,"216":2,"218":2,"222":2,"223":2,"228":2,"230":2,"231":1,"233":1,"237":2,"238":1,"241":2,"251":0,"253":0,"257":0,"262":0,"264":0,"280":1,"282":1,"289":1,"290":1,"292":0,"295":1,"298":1,"299":1,"300":1,"301":1,"302":1,"305":1,"316":0,"318":0,"324":0,"329":0,"331":0,"347":1,"356":3,"365":0,"366":0,"378":1,"379":1},"path":"C:\\Capstone Project\\contracts\\DisputeResolution.sol","s":{"1":46,"2":4,"3":3,"4":0,"5":0,"6":4,"7":4,"8":4,"9":4,"10":4,"11":2,"12":2,"13":2,"14":2,"15":2,"16":2,"17":2,"18":2,"19":0,"20":0,"21":0,"22":0,"23":1,"24":1,"25":1,"26":1,"27":1,"28":1,"29":1,"30":1,"31":0,"32":0,"33":0,"34":0,"35":1,"36":3,"37":0,"38":0,"39":1,"40":1},"b":{"1":[46,0],"2":[4,0],"3":[3,0],"4":[45,0],"5":[0,0],"6":[0,0],"7":[0,0],"8":[0,0],"9":[4,0],"10":[4,0],"11":[2,0],"12":[2,0],"13":[1,1],"14":[2,0],"15":[2,0],"16":[1,1],"17":[1,1],"18":[1,1],"19":[0,0],"20":[0,0],"21":[0,0],"22":[0,0],"23":[1,0],"24":[1,0],"25":[1,0],"26":[1,0],"27":[0,0],"28":[0,1],"29":[1,0],"30":[1,0],"31":[1,0],"32":[0,0],"33":[0,0],"34":[0,0],"35":[0,0],"36":[1,0],"37":[0,0]},"f":{"1":46,"2":4,"3":3,"4":45,"5":45,"6":0,"7":0,"8":4,"9":2,"10":0,"11":1,"12":0,"13":1,"14":3,"15":0,"16":1},"fnMap":{"1":{"name":"onlyOwner","line":116,"loc":{"start":{"line":116,"column":4},"end":{"line":119,"column":4}}},"2":{"name":"onlyJobMarket","line":121,"loc":{"start":{"line":121,"column":4},"end":{"line":124,"column":4}}},"3":{"name":"disputeExists","line":126,"loc":{"start":{"line":126,"column":4},"end":{"line":129,"column":4}}},"4":{"name":"constructor","line":134,"loc":{"start":{"line":134,"column":4},"end":{"line":136,"column":4}}},"5":{"name":"setJobMarketContract","line":142,"loc":{"start":{"line":142,"column":4},"end":{"line":144,"column":4}}},"6":{"name":"setEvidencePeriodDuration","line":148,"loc":{"start":{"line":148,"column":4},"end":{"line":151,"column":4}}},"7":{"name":"setSlashPercent","line":155,"loc":{"start":{"line":155,"column":4},"end":{"line":158,"column":4}}},"8":{"name":"raiseDispute","line":177,"loc":{"start":{"line":172,"column":4},"end":{"line":203,"column":4}}},"9":{"name":"submitEvidence","line":215,"loc":{"start":{"line":212,"column":4},"end":{"line":242,"column":4}}},"10":{"name":"escalateToArbitration","line":250,"loc":{"start":{"line":250,"column":4},"end":{"line":265,"column":4}}},"11":{"name":"resolveDispute","line":279,"loc":{"start":{"line":275,"column":4},"end":{"line":306,"column":4}}},"12":{"name":"autoResolveExpired","line":315,"loc":{"start":{"line":315,"column":4},"end":{"line":337,"column":4}}},"13":{"name":"getDispute","line":346,"loc":{"start":{"line":346,"column":4},"end":{"line":348,"column":4}}},"14":{"name":"getDisputeByJob","line":355,"loc":{"start":{"line":355,"column":4},"end":{"line":357,"column":4}}},"15":{"name":"isInEvidencePeriod","line":364,"loc":{"start":{"line":364,"column":4},"end":{"line":370,"column":4}}},"16":{"name":"isResolved","line":377,"loc":{"start":{"line":377,"column":4},"end":{"line":384,"column":4}}}},"statementMap":{"1":{"start":{"line":117,"column":8},"end":{"line":117,"column":81}},"2":{"start":{"line":122,"column":8},"end":{"line":122,"column":93}},"3":{"start":{"line":127,"column":8},"end":{"line":127,"column":107}},"4":{"start":{"line":149,"column":8},"end":{"line":149,"column":77}},"5":{"start":{"line":156,"column":8},"end":{"line":156,"column":73}},"6":{"start":{"line":178,"column":8},"end":{"line":178,"column":99}},"7":{"start":{"line":181,"column":8},"end":{"line":181,"column":75}},"8":{"start":{"line":182,"column":8},"end":{"line":182,"column":75}},"9":{"start":{"line":200,"column":8},"end":{"line":200,"column":88}},"10":{"start":{"line":202,"column":8},"end":{"line":202,"column":29}},"11":{"start":{"line":216,"column":8},"end":{"line":216,"column":54}},"12":{"start":{"line":218,"column":8},"end":{"line":218,"column":8625}},"13":{"start":{"line":222,"column":8},"end":{"line":222,"column":107}},"14":{"start":{"line":223,"column":8},"end":{"line":223,"column":8934}},"15":{"start":{"line":228,"column":8},"end":{"line":228,"column":54}},"16":{"start":{"line":230,"column":8},"end":{"line":230,"column":9174}},"17":{"start":{"line":237,"column":8},"end":{"line":237,"column":9416}},"18":{"start":{"line":241,"column":8},"end":{"line":241,"column":79}},"19":{"start":{"line":251,"column":8},"end":{"line":251,"column":54}},"20":{"start":{"line":253,"column":8},"end":{"line":253,"column":10103}},"21":{"start":{"line":257,"column":8},"end":{"line":257,"column":10306}},"22":{"start":{"line":264,"column":8},"end":{"line":264,"column":73}},"23":{"start":{"line":280,"column":8},"end":{"line":280,"column":54}},"24":{"start":{"line":282,"column":8},"end":{"line":282,"column":11306}},"25":{"start":{"line":289,"column":8},"end":{"line":289,"column":11576}},"26":{"start":{"line":298,"column":8},"end":{"line":298,"column":77}},"27":{"start":{"line":299,"column":8},"end":{"line":299,"column":11932}},"28":{"start":{"line":301,"column":12},"end":{"line":301,"column":82}},"29":{"start":{"line":302,"column":12},"end":{"line":302,"column":67}},"30":{"start":{"line":305,"column":8},"end":{"line":305,"column":80}},"31":{"start":{"line":316,"column":8},"end":{"line":316,"column":54}},"32":{"start":{"line":318,"column":8},"end":{"line":318,"column":12796}},"33":{"start":{"line":324,"column":8},"end":{"line":324,"column":13067}},"34":{"start":{"line":331,"column":8},"end":{"line":331,"column":13279}},"35":{"start":{"line":347,"column":8},"end":{"line":347,"column":35}},"36":{"start":{"line":356,"column":8},"end":{"line":356,"column":35}},"37":{"start":{"line":365,"column":8},"end":{"line":365,"column":54}},"38":{"start":{"line":366,"column":8},"end":{"line":366,"column":14513}},"39":{"start":{"line":378,"column":8},"end":{"line":378,"column":53}},"40":{"start":{"line":379,"column":8},"end":{"line":379,"column":15060}}},"branchMap":{"1":{"line":117,"type":"if","locations":[{"start":{"line":117,"column":8},"end":{"line":117,"column":8}},{"start":{"line":117,"column":8},"end":{"line":117,"column":8}}]},"2":{"line":122,"type":"if","locations":[{"start":{"line":122,"column":8},"end":{"line":122,"column":8}},{"start":{"line":122,"column":8},"end":{"line":122,"column":8}}]},"3":{"line":127,"type":"if","locations":[{"start":{"line":127,"column":8},"end":{"line":127,"column":8}},{"start":{"line":127,"column":8},"end":{"line":127,"column":8}}]},"4":{"line":142,"type":"if","locations":[{"start":{"line":142,"column":63},"end":{"line":142,"column":63}},{"start":{"line":142,"column":63},"end":{"line":142,"column":63}}]},"5":{"line":148,"type":"if","locations":[{"start":{"line":148,"column":67},"end":{"line":148,"column":67}},{"start":{"line":148,"column":67},"end":{"line":148,"column":67}}]},"6":{"line":149,"type":"if","locations":[{"start":{"line":149,"column":8},"end":{"line":149,"column":8}},{"start":{"line":149,"column":8},"end":{"line":149,"column":8}}]},"7":{"line":155,"type":"if","locations":[{"start":{"line":155,"column":52},"end":{"line":155,"column":52}},{"start":{"line":155,"column":52},"end":{"line":155,"column":52}}]},"8":{"line":156,"type":"if","locations":[{"start":{"line":156,"column":8},"end":{"line":156,"column":8}},{"start":{"line":156,"column":8},"end":{"line":156,"column":8}}]},"9":{"line":177,"type":"if","locations":[{"start":{"line":177,"column":15},"end":{"line":177,"column":15}},{"start":{"line":177,"column":15},"end":{"line":177,"column":15}}]},"10":{"line":178,"type":"if","locations":[{"start":{"line":178,"column":8},"end":{"line":178,"column":8}},{"start":{"line":178,"column":8},"end":{"line":178,"column":8}}]},"11":{"line":215,"type":"if","locations":[{"start":{"line":215,"column":15},"end":{"line":215,"column":15}},{"start":{"line":215,"column":15},"end":{"line":215,"column":15}}]},"12":{"line":218,"type":"if","locations":[{"start":{"line":218,"column":8},"end":{"line":218,"column":8}},{"start":{"line":218,"column":8},"end":{"line":218,"column":8}}]},"13":{"line":219,"type":"cond-expr","locations":[{"start":{"line":219,"column":12},"end":{"line":219,"column":49}},{"start":{"line":219,"column":54},"end":{"line":219,"column":99}}]},"14":{"line":222,"type":"if","locations":[{"start":{"line":222,"column":8},"end":{"line":222,"column":8}},{"start":{"line":222,"column":8},"end":{"line":222,"column":8}}]},"15":{"line":223,"type":"if","locations":[{"start":{"line":223,"column":8},"end":{"line":223,"column":8}},{"start":{"line":223,"column":8},"end":{"line":223,"column":8}}]},"16":{"line":224,"type":"cond-expr","locations":[{"start":{"line":224,"column":12},"end":{"line":224,"column":39}},{"start":{"line":224,"column":44},"end":{"line":224,"column":73}}]},"17":{"line":230,"type":"if","locations":[{"start":{"line":230,"column":8},"end":{"line":230,"column":8}},{"start":{"line":230,"column":8},"end":{"line":230,"column":8}}]},"18":{"line":237,"type":"if","locations":[{"start":{"line":237,"column":8},"end":{"line":237,"column":8}},{"start":{"line":237,"column":8},"end":{"line":237,"column":8}}]},"19":{"line":250,"type":"if","locations":[{"start":{"line":250,"column":64},"end":{"line":250,"column":64}},{"start":{"line":250,"column":64},"end":{"line":250,"column":64}}]},"20":{"line":253,"type":"if","locations":[{"start":{"line":253,"column":8},"end":{"line":253,"column":8}},{"start":{"line":253,"column":8},"end":{"line":253,"column":8}}]},"21":{"line":254,"type":"cond-expr","locations":[{"start":{"line":254,"column":12},"end":{"line":254,"column":49}},{"start":{"line":254,"column":54},"end":{"line":254,"column":99}}]},"22":{"line":257,"type":"if","locations":[{"start":{"line":257,"column":8},"end":{"line":257,"column":8}},{"start":{"line":257,"column":8},"end":{"line":257,"column":8}}]},"23":{"line":279,"type":"if","locations":[{"start":{"line":279,"column":15},"end":{"line":279,"column":15}},{"start":{"line":279,"column":15},"end":{"line":279,"column":15}}]},"24":{"line":279,"type":"if","locations":[{"start":{"line":279,"column":25},"end":{"line":279,"column":25}},{"start":{"line":279,"column":25},"end":{"line":279,"column":25}}]},"25":{"line":279,"type":"if","locations":[{"start":{"line":279,"column":51},"end":{"line":279,"column":51}},{"start":{"line":279,"column":51},"end":{"line":279,"column":51}}]},"26":{"line":282,"type":"if","locations":[{"start":{"line":282,"column":8},"end":{"line":282,"column":8}},{"start":{"line":282,"column":8},"end":{"line":282,"column":8}}]},"27":{"line":283,"type":"cond-expr","locations":[{"start":{"line":283,"column":12},"end":{"line":283,"column":59}},{"start":{"line":284,"column":12},"end":{"line":284,"column":57}}]},"28":{"line":283,"type":"cond-expr","locations":[{"start":{"line":283,"column":12},"end":{"line":284,"column":57}},{"start":{"line":285,"column":12},"end":{"line":285,"column":49}}]},"29":{"line":289,"type":"if","locations":[{"start":{"line":289,"column":8},"end":{"line":289,"column":8}},{"start":{"line":289,"column":8},"end":{"line":289,"column":8}}]},"30":{"line":299,"type":"if","locations":[{"start":{"line":299,"column":8},"end":{"line":299,"column":8}},{"start":{"line":299,"column":8},"end":{"line":299,"column":8}}]},"31":{"line":301,"type":"if","locations":[{"start":{"line":301,"column":49},"end":{"line":301,"column":64}},{"start":{"line":301,"column":68},"end":{"line":301,"column":81}}]},"32":{"line":315,"type":"if","locations":[{"start":{"line":315,"column":61},"end":{"line":315,"column":61}},{"start":{"line":315,"column":61},"end":{"line":315,"column":61}}]},"33":{"line":318,"type":"if","locations":[{"start":{"line":318,"column":8},"end":{"line":318,"column":8}},{"start":{"line":318,"column":8},"end":{"line":318,"column":8}}]},"34":{"line":324,"type":"if","locations":[{"start":{"line":324,"column":8},"end":{"line":324,"column":8}},{"start":{"line":324,"column":8},"end":{"line":324,"column":8}}]},"35":{"line":367,"type":"cond-expr","locations":[{"start":{"line":367,"column":13},"end":{"line":367,"column":50}},{"start":{"line":367,"column":55},"end":{"line":367,"column":100}}]},"36":{"line":380,"type":"cond-expr","locations":[{"start":{"line":380,"column":12},"end":{"line":380,"column":44}},{"start":{"line":381,"column":12},"end":{"line":381,"column":46}}]},"37":{"line":380,"type":"cond-expr","locations":[{"start":{"line":380,"column":12},"end":{"line":381,"column":46}},{"start":{"line":382,"column":12},"end":{"line":382,"column":37}}]}}},
"contracts\\GovernanceToken.sol":{"l":{"127":10,"128":10,"129":10,"150":7,"155":6,"156":6,"157":6,"159":6,"174":6,"183":6,"194":7,"196":7,"197":7,"198":7,"199":7,"201":6,"202":6,"204":6,"205":6,"207":6,"208":5,"210":1,"213":6,"223":2,"225":2,"226":2,"227":2,"229":2,"231":2,"232":1,"234":1,"236":0,"239":2,"250":1,"252":1,"253":1,"255":1,"257":1,"258":1,"269":0,"277":0,"278":0,"286":0,"297":2,"308":2,"317":1},"path":"C:\\Capstone Project\\contracts\\GovernanceToken.sol","s":{"1":10,"2":7,"3":6,"4":6,"5":6,"6":6,"7":7,"8":7,"9":7,"10":7,"11":7,"12":6,"13":6,"14":6,"15":6,"16":2,"17":2,"18":2,"19":2,"20":2,"21":2,"22":1,"23":2,"24":1,"25":1,"26":1,"27":1,"28":1,"29":0,"30":0,"31":2,"32":2,"33":1},"b":{"1":[6,1],"2":[7,0],"3":[7,0],"4":[7,0],"5":[6,1],"6":[6,0],"7":[5,1],"8":[2,0],"9":[2,0],"10":[2,0],"11":[1,1],"12":[1,0],"13":[1,0],"14":[1,0],"15":[1,0],"16":[0,0],"17":[0,0],"18":[0,0],"19":[0,0]},"f":{"1":10,"2":7,"3":7,"4":2,"5":1,"6":0,"7":0,"8":0,"9":2,"10":2,"11":1},"fnMap":{"1":{"name":"constructor","line":126,"loc":{"start":{"line":122,"column":4},"end":{"line":130,"column":4}}},"2":{"name":"propose","line":144,"loc":{"start":{"line":144,"column":4},"end":{"line":184,"column":4}}},"3":{"name":"vote","line":193,"loc":{"start":{"line":193,"column":4},"end":{"line":214,"column":4}}},"4":{"name":"finalizeProposal","line":222,"loc":{"start":{"line":222,"column":4},"end":{"line":240,"column":4}}},"5":{"name":"executeProposal","line":249,"loc":{"start":{"line":249,"column":4},"end":{"line":259,"column":4}}},"6":{"name":"mint","line":268,"loc":{"start":{"line":268,"column":4},"end":{"line":270,"column":4}}},"7":{"name":"setVotingPeriod","line":276,"loc":{"start":{"line":276,"column":4},"end":{"line":279,"column":4}}},"8":{"name":"setQuorumThreshold","line":285,"loc":{"start":{"line":285,"column":4},"end":{"line":287,"column":4}}},"9":{"name":"getProposal","line":296,"loc":{"start":{"line":296,"column":4},"end":{"line":298,"column":4}}},"10":{"name":"getVoteInfo","line":307,"loc":{"start":{"line":307,"column":4},"end":{"line":309,"column":4}}},"11":{"name":"getVotingPower","line":316,"loc":{"start":{"line":316,"column":4},"end":{"line":318,"column":4}}}},"statementMap":{"1":{"start":{"line":127,"column":8},"end":{"line":127,"column":59}},"2":{"start":{"line":150,"column":8},"end":{"line":150,"column":6010}},"3":{"start":{"line":156,"column":8},"end":{"line":156,"column":57}},"4":{"start":{"line":157,"column":8},"end":{"line":157,"column":65}},"5":{"start":{"line":174,"column":8},"end":{"line":174,"column":6866}},"6":{"start":{"line":183,"column":8},"end":{"line":183,"column":30}},"7":{"start":{"line":194,"column":8},"end":{"line":194,"column":58}},"8":{"start":{"line":196,"column":8},"end":{"line":196,"column":76}},"9":{"start":{"line":197,"column":8},"end":{"line":197,"column":96}},"10":{"start":{"line":198,"column":8},"end":{"line":198,"column":98}},"11":{"start":{"line":199,"column":8},"end":{"line":199,"column":84}},"12":{"start":{"line":201,"column":8},"end":{"line":201,"column":46}},"13":{"start":{"line":202,"column":8},"end":{"line":202,"column":62}},"14":{"start":{"line":207,"column":8},"end":{"line":207,"column":8158}},"15":{"start":{"line":213,"column":8},"end":{"line":213,"column":64}},"16":{"start":{"line":223,"column":8},"end":{"line":223,"column":58}},"17":{"start":{"line":225,"column":8},"end":{"line":225,"column":76}},"18":{"start":{"line":226,"column":8},"end":{"line":226,"column":94}},"19":{"start":{"line":227,"column":8},"end":{"line":227,"column":97}},"20":{"start":{"line":229,"column":8},"end":{"line":229,"column":70}},"21":{"start":{"line":231,"column":8},"end":{"line":231,"column":9150}},"22":{"start":{"line":233,"column":15},"end":{"line":233,"column":9302}},"23":{"start":{"line":239,"column":8},"end":{"line":239,"column":64}},"24":{"start":{"line":250,"column":8},"end":{"line":250,"column":58}},"25":{"start":{"line":252,"column":8},"end":{"line":252,"column":96}},"26":{"start":{"line":253,"column":8},"end":{"line":253,"column":106}},"27":{"start":{"line":257,"column":8},"end":{"line":257,"column":92}},"28":{"start":{"line":258,"column":8},"end":{"line":258,"column":72}},"29":{"start":{"line":269,"column":8},"end":{"line":269,"column":26}},"30":{"start":{"line":277,"column":8},"end":{"line":277,"column":74}},"31":{"start":{"line":297,"column":8},"end":{"line":297,"column":37}},"32":{"start":{"line":308,"column":8},"end":{"line":308,"column":82}},"33":{"start":{"line":317,"column":8},"end":{"line":317,"column":34}}},"branchMap":{"1":{"line":150,"type":"if","locations":[{"start":{"line":150,"column":8},"end":{"line":150,"column":8}},{"start":{"line":150,"column":8},"end":{"line":150,"column":8}}]},"2":{"line":196,"type":"if","locations":[{"start":{"line":196,"column":8},"end":{"line":196,"column":8}},{"start":{"line":196,"column":8},"end":{"line":196,"column":8}}]},"3":{"line":197,"type":"if","locations":[{"start":{"line":197,"column":8},"end":{"line":197,"column":8}},{"start":{"line":197,"column":8},"end":{"line":197,"column":8}}]},"4":{"line":198,"type":"if","locations":[{"start":{"line":198,"column":8},"end":{"line":198,"column":8}},{"start":{"line":198,"column":8},"end":{"line":198,"column":8}}]},"5":{"line":199,"type":"if","locations":[{"start":{"line":199,"column":8},"end":{"line":199,"column":8}},{"start":{"line":199,"column":8},"end":{"line":199,"column":8}}]},"6":{"line":202,"type":"if","locations":[{"start":{"line":202,"column":8},"end":{"line":202,"column":8}},{"start":{"line":202,"column":8},"end":{"line":202,"column":8}}]},"7":{"line":207,"type":"if","locations":[{"start":{"line":207,"column":8},"end":{"line":207,"column":8}},{"start":{"line":207,"column":8},"end":{"line":207,"column":8}}]},"8":{"line":225,"type":"if","locations":[{"start":{"line":225,"column":8},"end":{"line":225,"column":8}},{"start":{"line":225,"column":8},"end":{"line":225,"column":8}}]},"9":{"line":226,"type":"if","locations":[{"start":{"line":226,"column":8},"end":{"line":226,"column":8}},{"start":{"line":226,"column":8},"end":{"line":226,"column":8}}]},"10":{"line":227,"type":"if","locations":[{"start":{"line":227,"column":8},"end":{"line":227,"column":8}},{"start":{"line":227,"column":8},"end":{"line":227,"column":8}}]},"11":{"line":231,"type":"if","locations":[{"start":{"line":231,"column":8},"end":{"line":231,"column":8}},{"start":{"line":231,"column":8},"end":{"line":231,"column":8}}]},"12":{"line":233,"type":"if","locations":[{"start":{"line":233,"column":15},"end":{"line":233,"column":15}},{"start":{"line":233,"column":15},"end":{"line":233,"column":15}}]},"13":{"line":249,"type":"if","locations":[{"start":{"line":249,"column":59},"end":{"line":249,"column":59}},{"start":{"line":249,"column":59},"end":{"line":249,"column":59}}]},"14":{"line":252,"type":"if","locations":[{"start":{"line":252,"column":8},"end":{"line":252,"column":8}},{"start":{"line":252,"column":8},"end":{"line":252,"column":8}}]},"15":{"line":253,"type":"if","locations":[{"start":{"line":253,"column":8},"end":{"line":253,"column":8}},{"start":{"line":253,"column":8},"end":{"line":253,"column":8}}]},"16":{"line":268,"type":"if","locations":[{"start":{"line":268,"column":57},"end":{"line":268,"column":57}},{"start":{"line":268,"column":57},"end":{"line":268,"column":57}}]},"17":{"line":276,"type":"if","locations":[{"start":{"line":276,"column":58},"end":{"line":276,"column":58}},{"start":{"line":276,"column":58},"end":{"line":276,"column":58}}]},"18":{"line":277,"type":"if","locations":[{"start":{"line":277,"column":8},"end":{"line":277,"column":8}},{"start":{"line":277,"column":8},"end":{"line":277,"column":8}}]},"19":{"line":285,"type":"if","locations":[{"start":{"line":285,"column":61},"end":{"line":285,"column":61}},{"start":{"line":285,"column":61},"end":{"line":285,"column":61}}]}}},
"contracts\\JobMarket.sol":{"l":{"189":3,"190":2,"194":35,"195":34,"199":11,"203":10,"207":72,"208":72,"212":26,"216":25,"227":45,"228":45,"229":45,"249":37,"251":37,"253":37,"254":37,"263":37,"264":37,"267":37,"275":1,"277":1,"279":1,"280":1,"281":1,"282":1,"286":1,"287":1,"311":35,"312":34,"314":33,"316":33,"332":33,"342":33,"362":25,"363":25,"364":25,"365":24,"366":23,"371":22,"379":22,"381":22,"396":19,"397":19,"398":19,"401":19,"402":19,"404":19,"405":19,"406":19,"408":19,"409":19,"411":19,"415":19,"416":19,"417":19,"419":19,"434":10,"435":10,"437":10,"438":10,"440":10,"456":8,"457":8,"459":8,"460":8,"461":8,"464":8,"465":8,"466":8,"467":8,"470":8,"472":8,"473":8,"477":8,"479":8,"493":2,"494":2,"496":1,"497":1,"498":1,"500":1,"502":1,"516":5,"517":5,"522":4,"524":4,"525":4,"532":4,"546":0,"547":0,"548":0,"549":0,"552":0,"554":0,"565":2,"566":1,"567":1,"568":1,"576":0,"587":5,"596":0,"606":2,"607":2,"608":5,"609":4,"613":2,"614":2,"615":2,"616":5,"617":4,"618":4,"622":2,"631":2,"640":1,"649":1,"665":2},"path":"C:\\Capstone Project\\contracts\\JobMarket.sol","s":{"1":3,"2":35,"3":11,"4":72,"5":26,"6":37,"7":37,"8":37,"9":37,"10":1,"11":1,"12":1,"13":1,"14":1,"15":35,"16":34,"17":33,"18":33,"19":25,"20":25,"21":25,"22":24,"23":23,"24":22,"25":22,"26":19,"27":19,"28":19,"29":19,"30":19,"31":19,"32":19,"33":19,"34":19,"35":10,"36":10,"37":10,"38":8,"39":8,"40":8,"41":8,"42":8,"43":8,"44":8,"45":8,"46":8,"47":8,"48":2,"49":2,"50":1,"51":1,"52":1,"53":5,"54":5,"55":4,"56":4,"57":4,"58":0,"59":0,"60":0,"61":0,"62":0,"63":0,"64":2,"65":1,"66":1,"67":5,"68":0,"69":2,"70":2,"71":5,"72":2,"73":2,"74":2,"75":5,"76":2,"77":2,"78":1,"79":1,"80":2},"b":{"1":[2,1],"2":[34,1],"3":[10,1],"4":[72,0],"5":[25,1],"6":[37,0],"7":[37,0],"8":[1,0],"9":[1,0],"10":[1,0],"11":[1,0],"12":[34,1],"13":[33,1],"14":[26,0],"15":[25,1],"16":[25,0],"17":[24,1],"18":[23,1],"19":[22,1],"20":[20,0],"21":[19,1],"22":[19,0],"23":[19,0],"24":[19,0],"25":[19,0],"26":[11,0],"27":[10,1],"28":[10,0],"29":[8,0],"30":[8,0],"31":[8,0],"32":[8,0],"33":[8,0],"34":[2,0],"35":[2,0],"36":[2,0],"37":[1,1],"38":[5,0],"39":[5,0],"40":[4,1],"41":[4,0],"42":[0,0],"43":[0,0],"44":[0,0],"45":[0,0],"46":[2,1],"47":[1,1],"48":[0,0],"49":[4,1],"50":[4,1]},"f":{"1":3,"2":35,"3":11,"4":72,"5":26,"6":45,"7":37,"8":1,"9":35,"10":25,"11":19,"12":10,"13":8,"14":2,"15":5,"16":0,"17":2,"18":0,"19":5,"20":0,"21":2,"22":2,"23":1,"24":1,"25":2},"fnMap":{"1":{"name":"onlyOwner","line":188,"loc":{"start":{"line":188,"column":4},"end":{"line":191,"column":4}}},"2":{"name":"onlyClient","line":193,"loc":{"start":{"line":193,"column":4},"end":{"line":196,"column":4}}},"3":{"name":"onlyAssignedProvider","line":198,"loc":{"start":{"line":198,"column":4},"end":{"line":204,"column":4}}},"4":{"name":"jobExists","line":206,"loc":{"start":{"line":206,"column":4},"end":{"line":209,"column":4}}},"5":{"name":"isStakedProvider","line":211,"loc":{"start":{"line":211,"column":4},"end":{"line":217,"column":4}}},"6":{"name":"constructor","line":226,"loc":{"start":{"line":226,"column":4},"end":{"line":230,"column":4}}},"7":{"name":"stakeAsProvider","line":243,"loc":{"start":{"line":243,"column":4},"end":{"line":268,"column":4}}},"8":{"name":"unstake","line":274,"loc":{"start":{"line":274,"column":4},"end":{"line":288,"column":4}}},"9":{"name":"postJob","line":305,"loc":{"start":{"line":305,"column":4},"end":{"line":343,"column":4}}},"10":{"name":"submitBid","line":360,"loc":{"start":{"line":353,"column":4},"end":{"line":382,"column":4}}},"11":{"name":"acceptBid","line":394,"loc":{"start":{"line":391,"column":4},"end":{"line":420,"column":4}}},"12":{"name":"submitResult","line":432,"loc":{"start":{"line":429,"column":4},"end":{"line":441,"column":4}}},"13":{"name":"confirmCompletion","line":454,"loc":{"start":{"line":450,"column":4},"end":{"line":480,"column":4}}},"14":{"name":"cancelJob","line":491,"loc":{"start":{"line":487,"column":4},"end":{"line":503,"column":4}}},"15":{"name":"raiseDispute","line":514,"loc":{"start":{"line":511,"column":4},"end":{"line":533,"column":4}}},"16":{"name":"reportSLAViolation","line":544,"loc":{"start":{"line":542,"column":4},"end":{"line":555,"column":4}}},"17":{"name":"setPlatformFee","line":564,"loc":{"start":{"line":564,"column":4},"end":{"line":569,"column":4}}},"18":{"name":"setMinimumStake","line":575,"loc":{"start":{"line":575,"column":4},"end":{"line":577,"column":4}}},"19":{"name":"getJob","line":586,"loc":{"start":{"line":586,"column":4},"end":{"line":588,"column":4}}},"20":{"name":"getJobBids","line":595,"loc":{"start":{"line":595,"column":4},"end":{"line":597,"column":4}}},"21":{"name":"getOpenJobs","line":605,"loc":{"start":{"line":605,"column":4},"end":{"line":623,"column":4}}},"22":{"name":"isStaked","line":630,"loc":{"start":{"line":630,"column":4},"end":{"line":632,"column":4}}},"23":{"name":"getStake","line":639,"loc":{"start":{"line":639,"column":4},"end":{"line":641,"column":4}}},"24":{"name":"getProviderProfile","line":648,"loc":{"start":{"line":648,"column":4},"end":{"line":650,"column":4}}},"25":{"name":"getMarketStats","line":659,"loc":{"start":{"line":659,"column":4},"end":{"line":666,"column":4}}}},"statementMap":{"1":{"start":{"line":189,"column":8},"end":{"line":189,"column":73}},"2":{"start":{"line":194,"column":8},"end":{"line":194,"column":92}},"3":{"start":{"line":199,"column":8},"end":{"line":199,"column":6758}},"4":{"start":{"line":207,"column":8},"end":{"line":207,"column":83}},"5":{"start":{"line":212,"column":8},"end":{"line":212,"column":7114}},"6":{"start":{"line":249,"column":8},"end":{"line":249,"column":72}},"7":{"start":{"line":251,"column":8},"end":{"line":251,"column":63}},"8":{"start":{"line":263,"column":8},"end":{"line":263,"column":9059}},"9":{"start":{"line":267,"column":8},"end":{"line":267,"column":57}},"10":{"start":{"line":275,"column":8},"end":{"line":275,"column":94}},"11":{"start":{"line":279,"column":8},"end":{"line":279,"column":9565}},"12":{"start":{"line":281,"column":12},"end":{"line":281,"column":9740}},"13":{"start":{"line":286,"column":8},"end":{"line":286,"column":44}},"14":{"start":{"line":287,"column":8},"end":{"line":287,"column":50}},"15":{"start":{"line":311,"column":8},"end":{"line":311,"column":73}},"16":{"start":{"line":312,"column":8},"end":{"line":312,"column":88}},"17":{"start":{"line":332,"column":8},"end":{"line":332,"column":11572}},"18":{"start":{"line":342,"column":8},"end":{"line":342,"column":25}},"19":{"start":{"line":362,"column":8},"end":{"line":362,"column":38}},"20":{"start":{"line":363,"column":8},"end":{"line":363,"column":86}},"21":{"start":{"line":364,"column":8},"end":{"line":364,"column":74}},"22":{"start":{"line":365,"column":8},"end":{"line":365,"column":90}},"23":{"start":{"line":366,"column":8},"end":{"line":366,"column":12768}},"24":{"start":{"line":371,"column":8},"end":{"line":371,"column":12954}},"25":{"start":{"line":381,"column":8},"end":{"line":381,"column":74}},"26":{"start":{"line":396,"column":8},"end":{"line":396,"column":38}},"27":{"start":{"line":397,"column":8},"end":{"line":397,"column":74}},"28":{"start":{"line":398,"column":8},"end":{"line":398,"column":88}},"29":{"start":{"line":401,"column":8},"end":{"line":401,"column":44}},"30":{"start":{"line":402,"column":8},"end":{"line":402,"column":56}},"31":{"start":{"line":404,"column":8},"end":{"line":404,"column":14208}},"32":{"start":{"line":405,"column":12},"end":{"line":405,"column":14269}},"33":{"start":{"line":408,"column":16},"end":{"line":408,"column":14442}},"34":{"start":{"line":419,"column":8},"end":{"line":419,"column":68}},"35":{"start":{"line":434,"column":8},"end":{"line":434,"column":38}},"36":{"start":{"line":435,"column":8},"end":{"line":435,"column":85}},"37":{"start":{"line":440,"column":8},"end":{"line":440,"column":61}},"38":{"start":{"line":456,"column":8},"end":{"line":456,"column":38}},"39":{"start":{"line":457,"column":8},"end":{"line":457,"column":92}},"40":{"start":{"line":459,"column":8},"end":{"line":459,"column":37}},"41":{"start":{"line":460,"column":8},"end":{"line":460,"column":66}},"42":{"start":{"line":461,"column":8},"end":{"line":461,"column":55}},"43":{"start":{"line":470,"column":8},"end":{"line":470,"column":62}},"44":{"start":{"line":472,"column":8},"end":{"line":472,"column":16829}},"45":{"start":{"line":473,"column":12},"end":{"line":473,"column":47}},"46":{"start":{"line":477,"column":8},"end":{"line":477,"column":67}},"47":{"start":{"line":479,"column":8},"end":{"line":479,"column":97}},"48":{"start":{"line":493,"column":8},"end":{"line":493,"column":38}},"49":{"start":{"line":494,"column":8},"end":{"line":494,"column":84}},"50":{"start":{"line":496,"column":8},"end":{"line":496,"column":36}},"51":{"start":{"line":500,"column":8},"end":{"line":500,"column":43}},"52":{"start":{"line":502,"column":8},"end":{"line":502,"column":53}},"53":{"start":{"line":516,"column":8},"end":{"line":516,"column":38}},"54":{"start":{"line":517,"column":8},"end":{"line":517,"column":18307}},"55":{"start":{"line":524,"column":8},"end":{"line":524,"column":66}},"56":{"start":{"line":525,"column":8},"end":{"line":525,"column":18607}},"57":{"start":{"line":532,"column":8},"end":{"line":532,"column":63}},"58":{"start":{"line":546,"column":8},"end":{"line":546,"column":38}},"59":{"start":{"line":547,"column":8},"end":{"line":547,"column":82}},"60":{"start":{"line":548,"column":8},"end":{"line":548,"column":69}},"61":{"start":{"line":549,"column":8},"end":{"line":549,"column":91}},"62":{"start":{"line":552,"column":8},"end":{"line":552,"column":67}},"63":{"start":{"line":554,"column":8},"end":{"line":554,"column":72}},"64":{"start":{"line":565,"column":8},"end":{"line":565,"column":75}},"65":{"start":{"line":566,"column":8},"end":{"line":566,"column":43}},"66":{"start":{"line":568,"column":8},"end":{"line":568,"column":60}},"67":{"start":{"line":587,"column":8},"end":{"line":587,"column":27}},"68":{"start":{"line":596,"column":8},"end":{"line":596,"column":30}},"69":{"start":{"line":606,"column":8},"end":{"line":606,"column":29}},"70":{"start":{"line":607,"column":8},"end":{"line":607,"column":21672}},"71":{"start":{"line":608,"column":12},"end":{"line":608,"column":21733}},"72":{"start":{"line":613,"column":8},"end":{"line":613,"column":52}},"73":{"start":{"line":614,"column":8},"end":{"line":614,"column":25}},"74":{"start":{"line":615,"column":8},"end":{"line":615,"column":21919}},"75":{"start":{"line":616,"column":12},"end":{"line":616,"column":21980}},"76":{"start":{"line":622,"column":8},"end":{"line":622,"column":23}},"77":{"start":{"line":631,"column":8},"end":{"line":631,"column":56}},"78":{"start":{"line":640,"column":8},"end":{"line":640,"column":40}},"79":{"start":{"line":649,"column":8},"end":{"line":649,"column":42}},"80":{"start":{"line":665,"column":8},"end":{"line":665,"column":91}}},"branchMap":{"1":{"line":189,"type":"if","locations":[{"start":{"line":189,"column":8},"end":{"line":189,"column":8}},{"start":{"line":189,"column":8},"end":{"line":189,"column":8}}]},"2":{"line":194,"type":"if","locations":[{"start":{"line":194,"column":8},"end":{"line":194,"column":8}},{"start":{"line":194,"column":8},"end":{"line":194,"column":8}}]},"3":{"line":199,"type":"if","locations":[{"start":{"line":199,"column":8},"end":{"line":199,"column":8}},{"start":{"line":199,"column":8},"end":{"line":199,"column":8}}]},"4":{"line":207,"type":"if","locations":[{"start":{"line":207,"column":8},"end":{"line":207,"column":8}},{"start":{"line":207,"column":8},"end":{"line":207,"column":8}}]},"5":{"line":212,"type":"if","locations":[{"start":{"line":212,"column":8},"end":{"line":212,"column":8}},{"start":{"line":212,"column":8},"end":{"line":212,"column":8}}]},"6":{"line":249,"type":"if","locations":[{"start":{"line":249,"column":8},"end":{"line":249,"column":8}},{"start":{"line":249,"column":8},"end":{"line":249,"column":8}}]},"7":{"line":263,"type":"if","locations":[{"start":{"line":263,"column":8},"end":{"line":263,"column":8}},{"start":{"line":263,"column":8},"end":{"line":263,"column":8}}]},"8":{"line":274,"type":"if","locations":[{"start":{"line":274,"column":47},"end":{"line":274,"column":47}},{"start":{"line":274,"column":47},"end":{"line":274,"column":47}}]},"9":{"line":275,"type":"if","locations":[{"start":{"line":275,"column":8},"end":{"line":275,"column":8}},{"start":{"line":275,"column":8},"end":{"line":275,"column":8}}]},"10":{"line":279,"type":"if","locations":[{"start":{"line":279,"column":8},"end":{"line":279,"column":8}},{"start":{"line":279,"column":8},"end":{"line":279,"column":8}}]},"11":{"line":281,"type":"if","locations":[{"start":{"line":281,"column":12},"end":{"line":281,"column":12}},{"start":{"line":281,"column":12},"end":{"line":281,"column":12}}]},"12":{"line":311,"type":"if","locations":[{"start":{"line":311,"column":8},"end":{"line":311,"column":8}},{"start":{"line":311,"column":8},"end":{"line":311,"column":8}}]},"13":{"line":312,"type":"if","locations":[{"start":{"line":312,"column":8},"end":{"line":312,"column":8}},{"start":{"line":312,"column":8},"end":{"line":312,"column":8}}]},"14":{"line":359,"type":"if","locations":[{"start":{"line":359,"column":8},"end":{"line":359,"column":8}},{"start":{"line":359,"column":8},"end":{"line":359,"column":8}}]},"15":{"line":360,"type":"if","locations":[{"start":{"line":360,"column":8},"end":{"line":360,"column":8}},{"start":{"line":360,"column":8},"end":{"line":360,"column":8}}]},"16":{"line":363,"type":"if","locations":[{"start":{"line":363,"column":8},"end":{"line":363,"column":8}},{"start":{"line":363,"column":8},"end":{"line":363,"column":8}}]},"17":{"line":364,"type":"if","locations":[{"start":{"line":364,"column":8},"end":{"line":364,"column":8}},{"start":{"line":364,"column":8},"end":{"line":364,"column":8}}]},"18":{"line":365,"type":"if","locations":[{"start":{"line":365,"column":8},"end":{"line":365,"column":8}},{"start":{"line":365,"column":8},"end":{"line":365,"column":8}}]},"19":{"line":366,"type":"if","locations":[{"start":{"line":366,"column":8},"end":{"line":366,"column":8}},{"start":{"line":366,"column":8},"end":{"line":366,"column":8}}]},"20":{"line":393,"type":"if","locations":[{"start":{"line":393,"column":8},"end":{"line":393,"column":8}},{"start":{"line":393,"column":8},"end":{"line":393,"column":8}}]},"21":{"line":394,"type":"if","locations":[{"start":{"line":394,"column":8},"end":{"line":394,"column":8}},{"start":{"line":394,"column":8},"end":{"line":394,"column":8}}]},"22":{"line":397,"type":"if","locations":[{"start":{"line":397,"column":8},"end":{"line":397,"column":8}},{"start":{"line":397,"column":8},"end":{"line":397,"column":8}}]},"23":{"line":398,"type":"if","locations":[{"start":{"line":398,"column":8},"end":{"line":398,"column":8}},{"start":{"line":398,"column":8},"end":{"line":398,"column":8}}]},"24":{"line":405,"type":"if","locations":[{"start":{"line":405,"column":12},"end":{"line":405,"column":12}},{"start":{"line":405,"column":12},"end":{"line":405,"column":12}}]},"25":{"line":408,"type":"if","locations":[{"start":{"line":408,"column":16},"end":{"line":408,"column":16}},{"start":{"line":408,"column":16},"end":{"line":408,"column":16}}]},"26":{"line":431,"type":"if","locations":[{"start":{"line":431,"column":8},"end":{"line":431,"column":8}},{"start":{"line":431,"column":8},"end":{"line":431,"column":8}}]},"27":{"line":432,"type":"if","locations":[{"start":{"line":432,"column":8},"end":{"line":432,"column":8}},{"start":{"line":432,"column":8},"end":{"line":432,"column":8}}]},"28":{"line":435,"type":"if","locations":[{"start":{"line":435,"column":8},"end":{"line":435,"column":8}},{"start":{"line":435,"column":8},"end":{"line":435,"column":8}}]},"29":{"line":452,"type":"if","locations":[{"start":{"line":452,"column":8},"end":{"line":452,"column":8}},{"start":{"line":452,"column":8},"end":{"line":452,"column":8}}]},"30":{"line":453,"type":"if","locations":[{"start":{"line":453,"column":8},"end":{"line":453,"column":8}},{"start":{"line":453,"column":8},"end":{"line":453,"column":8}}]},"31":{"line":454,"type":"if","locations":[{"start":{"line":454,"column":8},"end":{"line":454,"column":8}},{"start":{"line":454,"column":8},"end":{"line":454,"column":8}}]},"32":{"line":457,"type":"if","locations":[{"start":{"line":457,"column":8},"end":{"line":457,"column":8}},{"start":{"line":457,"column":8},"end":{"line":457,"column":8}}]},"33":{"line":472,"type":"if","locations":[{"start":{"line":472,"column":8},"end":{"line":472,"column":8}},{"start":{"line":472,"column":8},"end":{"line":472,"column":8}}]},"34":{"line":489,"type":"if","locations":[{"start":{"line":489,"column":8},"end":{"line":489,"column":8}},{"start":{"line":489,"column":8},"end":{"line":489,"column":8}}]},"35":{"line":490,"type":"if","locations":[{"start":{"line":490,"column":8},"end":{"line":490,"column":8}},{"start":{"line":490,"column":8},"end":{"line":490,"column":8}}]},"36":{"line":491,"type":"if","locations":[{"start":{"line":491,"column":8},"end":{"line":491,"column":8}},{"start":{"line":491,"column":8},"end":{"line":491,"column":8}}]},"37":{"line":494,"type":"if","locations":[{"start":{"line":494,"column":8},"end":{"line":494,"column":8}},{"start":{"line":494,"column":8},"end":{"line":494,"column":8}}]},"38":{"line":513,"type":"if","locations":[{"start":{"line":513,"column":8},"end":{"line":513,"column":8}},{"start":{"line":513,"column":8},"end":{"line":513,"column":8}}]},"39":{"line":514,"type":"if","locations":[{"start":{"line":514,"column":8},"end":{"line":514,"column":8}},{"start":{"line":514,"column":8},"end":{"line":514,"column":8}}]},"40":{"line":517,"type":"if","locations":[{"start":{"line":517,"column":8},"end":{"line":517,"column":8}},{"start":{"line":517,"column":8},"end":{"line":517,"column":8}}]},"41":{"line":518,"type":"cond-expr","locations":[{"start":{"line":518,"column":12},"end":{"line":518,"column":43}},{"start":{"line":518,"column":48},"end":{"line":518,"column":80}}]},"42":{"line":544,"type":"if","locations":[{"start":{"line":544,"column":8},"end":{"line":544,"column":8}},{"start":{"line":544,"column":8},"end":{"line":544,"column":8}}]},"43":{"line":547,"type":"if","locations":[{"start":{"line":547,"column":8},"end":{"line":547,"column":8}},{"start":{"line":547,"column":8},"end":{"line":547,"column":8}}]},"44":{"line":548,"type":"if","locations":[{"start":{"line":548,"column":8},"end":{"line":548,"column":8}},{"start":{"line":548,"column":8},"end":{"line":548,"column":8}}]},"45":{"line":549,"type":"if","locations":[{"start":{"line":549,"column":8},"end":{"line":549,"column":8}},{"start":{"line":549,"column":8},"end":{"line":549,"column":8}}]},"46":{"line":564,"type":"if","locations":[{"start":{"line":564,"column":54},"end":{"line":564,"column":54}},{"start":{"line":564,"column":54},"end":{"line":564,"column":54}}]},"47":{"line":565,"type":"if","locations":[{"start":{"line":565,"column":8},"end":{"line":565,"column":8}},{"start":{"line":565,"column":8},"end":{"line":565,"column":8}}]},"48":{"line":575,"type":"if","locations":[{"start":{"line":575,"column":59},"end":{"line":575,"column":59}},{"start":{"line":575,"column":59},"end":{"line":575,"column":59}}]},"49":{"line":608,"type":"if","locations":[{"start":{"line":608,"column":12},"end":{"line":608,"column":12}},{"start":{"line":608,"column":12},"end":{"line":608,"column":12}}]},"50":{"line":616,"type":"if","locations":[{"start":{"line":616,"column":12},"end":{"line":616,"column":12}},{"start":{"line":616,"column":12},"end":{"line":616,"column":12}}]}}},
"contracts\\Reputation.sol":{"l":{"101":45,"102":45,"106":8,"107":8,"113":45,"123":45,"124":45,"132":0,"133":0,"148":8,"150":8,"151":8,"154":8,"155":8,"156":0,"160":8,"161":8,"164":8,"165":8,"166":8,"167":8,"170":8,"171":8,"173":8,"174":8,"178":8,"180":8,"190":0,"192":0,"193":0,"195":0,"196":0,"198":0,"199":0,"202":0,"203":0,"204":0,"207":0,"209":0,"210":0,"213":0,"224":0,"245":2,"246":2,"256":1,"257":0,"259":1,"268":3,"278":0,"286":1,"297":8,"298":8,"299":8,"300":8,"301":0,"309":8,"310":8,"311":8,"312":8},"path":"C:\\Capstone Project\\contracts\\Reputation.sol","s":{"1":45,"2":8,"3":45,"4":0,"5":8,"6":8,"7":8,"8":8,"9":8,"10":8,"11":8,"12":8,"13":8,"14":8,"15":0,"16":0,"17":0,"18":0,"19":0,"20":0,"21":0,"22":0,"23":2,"24":2,"25":1,"26":0,"27":1,"28":3,"29":0,"30":1,"31":8,"32":0,"33":8,"34":0,"35":8,"36":0,"37":8,"38":8,"39":0,"40":8,"41":8,"42":8},"b":{"1":[45,0],"2":[8,0],"3":[45,0],"4":[0,0],"5":[0,0],"6":[8,0],"7":[0,8],"8":[8,0],"9":[8,0],"10":[0,0],"11":[0,0],"12":[0,0],"13":[0,1],"14":[0,8],"15":[0,8],"16":[0,8],"17":[8,0],"18":[8,0]},"f":{"1":45,"2":8,"3":45,"4":45,"5":0,"6":8,"7":0,"8":0,"9":2,"10":1,"11":3,"12":0,"13":1,"14":8,"15":8},"fnMap":{"1":{"name":"onlyOwner","line":100,"loc":{"start":{"line":100,"column":4},"end":{"line":103,"column":4}}},"2":{"name":"onlyJobMarket","line":105,"loc":{"start":{"line":105,"column":4},"end":{"line":108,"column":4}}},"3":{"name":"constructor","line":112,"loc":{"start":{"line":112,"column":4},"end":{"line":114,"column":4}}},"4":{"name":"setJobMarketContract","line":122,"loc":{"start":{"line":122,"column":4},"end":{"line":125,"column":4}}},"5":{"name":"setEpochDuration","line":131,"loc":{"start":{"line":131,"column":4},"end":{"line":134,"column":4}}},"6":{"name":"incrementReputation","line":147,"loc":{"start":{"line":147,"column":4},"end":{"line":181,"column":4}}},"7":{"name":"decrementReputation","line":189,"loc":{"start":{"line":189,"column":4},"end":{"line":214,"column":4}}},"8":{"name":"getScore","line":223,"loc":{"start":{"line":223,"column":4},"end":{"line":225,"column":4}}},"9":{"name":"getProviderStats","line":237,"loc":{"start":{"line":237,"column":4},"end":{"line":247,"column":4}}},"10":{"name":"getSuccessRate","line":255,"loc":{"start":{"line":255,"column":4},"end":{"line":260,"column":4}}},"11":{"name":"getProviderTier","line":267,"loc":{"start":{"line":267,"column":4},"end":{"line":269,"column":4}}},"12":{"name":"getLeaderboard","line":277,"loc":{"start":{"line":277,"column":4},"end":{"line":279,"column":4}}},"13":{"name":"getLeaderboardSize","line":285,"loc":{"start":{"line":285,"column":4},"end":{"line":287,"column":4}}},"14":{"name":"_calculateTier","line":296,"loc":{"start":{"line":296,"column":4},"end":{"line":302,"column":4}}},"15":{"name":"_updateLeaderboard","line":308,"loc":{"start":{"line":308,"column":4},"end":{"line":314,"column":4}}}},"statementMap":{"1":{"start":{"line":101,"column":8},"end":{"line":101,"column":74}},"2":{"start":{"line":106,"column":8},"end":{"line":106,"column":99}},"3":{"start":{"line":124,"column":8},"end":{"line":124,"column":37}},"4":{"start":{"line":132,"column":8},"end":{"line":132,"column":67}},"5":{"start":{"line":148,"column":8},"end":{"line":148,"column":62}},"6":{"start":{"line":150,"column":8},"end":{"line":150,"column":62}},"7":{"start":{"line":151,"column":8},"end":{"line":151,"column":27}},"8":{"start":{"line":155,"column":8},"end":{"line":155,"column":5587}},"9":{"start":{"line":160,"column":8},"end":{"line":160,"column":5772}},"10":{"start":{"line":170,"column":8},"end":{"line":170,"column":41}},"11":{"start":{"line":173,"column":8},"end":{"line":173,"column":6127}},"12":{"start":{"line":174,"column":12},"end":{"line":174,"column":60}},"13":{"start":{"line":178,"column":8},"end":{"line":178,"column":36}},"14":{"start":{"line":180,"column":8},"end":{"line":180,"column":76}},"15":{"start":{"line":190,"column":8},"end":{"line":190,"column":62}},"16":{"start":{"line":192,"column":8},"end":{"line":192,"column":27}},"17":{"start":{"line":193,"column":8},"end":{"line":193,"column":41}},"18":{"start":{"line":195,"column":8},"end":{"line":195,"column":6950}},"19":{"start":{"line":209,"column":8},"end":{"line":209,"column":7342}},"20":{"start":{"line":210,"column":12},"end":{"line":210,"column":60}},"21":{"start":{"line":213,"column":8},"end":{"line":213,"column":77}},"22":{"start":{"line":224,"column":8},"end":{"line":224,"column":45}},"23":{"start":{"line":245,"column":8},"end":{"line":245,"column":58}},"24":{"start":{"line":246,"column":8},"end":{"line":246,"column":101}},"25":{"start":{"line":256,"column":8},"end":{"line":256,"column":9157}},"26":{"start":{"line":257,"column":12},"end":{"line":257,"column":20}},"27":{"start":{"line":259,"column":8},"end":{"line":259,"column":101}},"28":{"start":{"line":268,"column":8},"end":{"line":268,"column":44}},"29":{"start":{"line":278,"column":8},"end":{"line":278,"column":26}},"30":{"start":{"line":286,"column":8},"end":{"line":286,"column":33}},"31":{"start":{"line":297,"column":8},"end":{"line":297,"column":55}},"32":{"start":{"line":297,"column":27},"end":{"line":297,"column":55}},"33":{"start":{"line":298,"column":8},"end":{"line":298,"column":51}},"34":{"start":{"line":298,"column":27},"end":{"line":298,"column":51}},"35":{"start":{"line":299,"column":8},"end":{"line":299,"column":53}},"36":{"start":{"line":299,"column":27},"end":{"line":299,"column":53}},"37":{"start":{"line":300,"column":8},"end":{"line":300,"column":53}},"38":{"start":{"line":300,"column":27},"end":{"line":300,"column":53}},"39":{"start":{"line":301,"column":8},"end":{"line":301,"column":36}},"40":{"start":{"line":309,"column":8},"end":{"line":309,"column":11187}},"41":{"start":{"line":310,"column":12},"end":{"line":310,"column":38}},"42":{"start":{"line":312,"column":12},"end":{"line":312,"column":78}}},"branchMap":{"1":{"line":101,"type":"if","locations":[{"start":{"line":101,"column":8},"end":{"line":101,"column":8}},{"start":{"line":101,"column":8},"end":{"line":101,"column":8}}]},"2":{"line":106,"type":"if","locations":[{"start":{"line":106,"column":8},"end":{"line":106,"column":8}},{"start":{"line":106,"column":8},"end":{"line":106,"column":8}}]},"3":{"line":122,"type":"if","locations":[{"start":{"line":122,"column":63},"end":{"line":122,"column":63}},{"start":{"line":122,"column":63},"end":{"line":122,"column":63}}]},"4":{"line":131,"type":"if","locations":[{"start":{"line":131,"column":58},"end":{"line":131,"column":58}},{"start":{"line":131,"column":58},"end":{"line":131,"column":58}}]},"5":{"line":132,"type":"if","locations":[{"start":{"line":132,"column":8},"end":{"line":132,"column":8}},{"start":{"line":132,"column":8},"end":{"line":132,"column":8}}]},"6":{"line":147,"type":"if","locations":[{"start":{"line":147,"column":61},"end":{"line":147,"column":61}},{"start":{"line":147,"column":61},"end":{"line":147,"column":61}}]},"7":{"line":155,"type":"if","locations":[{"start":{"line":155,"column":8},"end":{"line":155,"column":8}},{"start":{"line":155,"column":8},"end":{"line":155,"column":8}}]},"8":{"line":160,"type":"if","locations":[{"start":{"line":160,"column":8},"end":{"line":160,"column":8}},{"start":{"line":160,"column":8},"end":{"line":160,"column":8}}]},"9":{"line":173,"type":"if","locations":[{"start":{"line":173,"column":8},"end":{"line":173,"column":8}},{"start":{"line":173,"column":8},"end":{"line":173,"column":8}}]},"10":{"line":189,"type":"if","locations":[{"start":{"line":189,"column":61},"end":{"line":189,"column":61}},{"start":{"line":189,"column":61},"end":{"line":189,"column":61}}]},"11":{"line":195,"type":"if","locations":[{"start":{"line":195,"column":8},"end":{"line":195,"column":8}},{"start":{"line":195,"column":8},"end":{"line":195,"column":8}}]},"12":{"line":209,"type":"if","locations":[{"start":{"line":209,"column":8},"end":{"line":209,"column":8}},{"start":{"line":209,"column":8},"end":{"line":209,"column":8}}]},"13":{"line":256,"type":"if","locations":[{"start":{"line":256,"column":8},"end":{"line":256,"column":8}},{"start":{"line":256,"column":8},"end":{"line":256,"column":8}}]},"14":{"line":297,"type":"if","locations":[{"start":{"line":297,"column":8},"end":{"line":297,"column":8}},{"start":{"line":297,"column":8},"end":{"line":297,"column":8}}]},"15":{"line":298,"type":"if","locations":[{"start":{"line":298,"column":8},"end":{"line":298,"column":8}},{"start":{"line":298,"column":8},"end":{"line":298,"column":8}}]},"16":{"line":299,"type":"if","locations":[{"start":{"line":299,"column":8},"end":{"line":299,"column":8}},{"start":{"line":299,"column":8},"end":{"line":299,"column":8}}]},"17":{"line":300,"type":"if","locations":[{"start":{"line":300,"column":8},"end":{"line":300,"column":8}},{"start":{"line":300,"column":8},"end":{"line":300,"column":8}}]},"18":{"line":309,"type":"if","locations":[{"start":{"line":309,"column":8},"end":{"line":309,"column":8}},{"start":{"line":309,"column":8},"end":{"line":309,"column":8}}]}}}}
