TN:
SF:C:\Capstone Project\contracts\DisputeResolution.sol
FN:116,onlyOwner
FN:121,onlyJobMarket
FN:126,disputeExists
FN:134,constructor
FN:142,setJobMarketContract
FN:148,setEvidencePeriodDuration
FN:155,setSlashPercent
FN:177,raiseDispute
FN:215,submitEvidence
FN:250,escalateToArbitration
FN:279,resolveDispute
FN:315,autoResolveExpired
FN:346,getDispute
FN:355,getDisputeByJob
FN:364,isInEvidencePeriod
FN:377,isResolved
FNF:16
FNH:11
FNDA:46,onlyOwner
FNDA:4,onlyJobMarket
FNDA:3,disputeExists
FNDA:45,constructor
FNDA:45,setJobMarketContract
FNDA:0,setEvidencePeriodDuration
FNDA:0,setSlashPercent
FNDA:4,raiseDispute
FNDA:2,submitEvidence
FNDA:0,escalateToArbitration
FNDA:1,resolveDispute
FNDA:0,autoResolveExpired
FNDA:1,getDispute
FNDA:3,getDisputeByJob
FNDA:0,isInEvidencePeriod
FNDA:1,isResolved
DA:117,46
DA:118,46
DA:122,4
DA:123,4
DA:127,3
DA:128,3
DA:135,45
DA:143,45
DA:149,0
DA:150,0
DA:156,0
DA:157,0
DA:178,4
DA:180,4
DA:181,4
DA:182,4
DA:184,4
DA:198,4
DA:200,4
DA:202,4
DA:216,2
DA:218,2
DA:222,2
DA:223,2
DA:228,2
DA:230,2
DA:231,1
DA:233,1
DA:237,2
DA:238,1
DA:241,2
DA:251,0
DA:253,0
DA:257,0
DA:262,0
DA:264,0
DA:280,1
DA:282,1
DA:289,1
DA:290,1
DA:292,0
DA:295,1
DA:298,1
DA:299,1
DA:300,1
DA:301,1
DA:302,1
DA:305,1
DA:316,0
DA:318,0
DA:324,0
DA:329,0
DA:331,0
DA:347,1
DA:356,3
DA:365,0
DA:366,0
DA:378,1
DA:379,1
LF:59
LH:42
BRDA:117,1,0,46
BRDA:117,1,1,0
BRDA:122,2,0,4
BRDA:122,2,1,0
BRDA:127,3,0,3
BRDA:127,3,1,0
BRDA:142,4,0,45
BRDA:142,4,1,0
BRDA:148,5,0,0
BRDA:148,5,1,0
BRDA:149,6,0,0
BRDA:149,6,1,0
BRDA:155,7,0,0
BRDA:155,7,1,0
BRDA:156,8,0,0
BRDA:156,8,1,0
BRDA:177,9,0,4
BRDA:177,9,1,0
BRDA:178,10,0,4
BRDA:178,10,1,0
BRDA:215,11,0,2
BRDA:215,11,1,0
BRDA:218,12,0,2
BRDA:218,12,1,0
BRDA:219,13,0,1
BRDA:219,13,1,1
BRDA:222,14,0,2
BRDA:222,14,1,0
BRDA:223,15,0,2
BRDA:223,15,1,0
BRDA:224,16,0,1
BRDA:224,16,1,1
BRDA:230,17,0,1
BRDA:230,17,1,1
BRDA:237,18,0,1
BRDA:237,18,1,1
BRDA:250,19,0,0
BRDA:250,19,1,0
BRDA:253,20,0,0
BRDA:253,20,1,0
BRDA:254,21,0,0
BRDA:254,21,1,0
BRDA:257,22,0,0
BRDA:257,22,1,0
BRDA:279,23,0,1
BRDA:279,23,1,0
BRDA:279,24,0,1
BRDA:279,24,1,0
BRDA:279,25,0,1
BRDA:279,25,1,0
BRDA:282,26,0,1
BRDA:282,26,1,0
BRDA:283,27,0,0
BRDA:283,27,1,0
BRDA:283,28,0,0
BRDA:283,28,1,1
BRDA:289,29,0,1
BRDA:289,29,1,0
BRDA:299,30,0,1
BRDA:299,30,1,0
BRDA:301,31,0,1
BRDA:301,31,1,0
BRDA:315,32,0,0
BRDA:315,32,1,0
BRDA:318,33,0,0
BRDA:318,33,1,0
BRDA:324,34,0,0
BRDA:324,34,1,0
BRDA:367,35,0,0
BRDA:367,35,1,0
BRDA:380,36,0,1
BRDA:380,36,1,0
BRDA:380,37,0,0
BRDA:380,37,1,0
BRF:74
BRH:27
end_of_record
TN:
SF:C:\Capstone Project\contracts\GovernanceToken.sol
FN:126,constructor
FN:144,propose
FN:193,vote
FN:222,finalizeProposal
FN:249,executeProposal
FN:268,mint
FN:276,setVotingPeriod
FN:285,setQuorumThreshold
FN:296,getProposal
FN:307,getVoteInfo
FN:316,getVotingPower
FNF:11
FNH:8
FNDA:10,constructor
FNDA:7,propose
FNDA:7,vote
FNDA:2,finalizeProposal
FNDA:1,executeProposal
FNDA:0,mint
FNDA:0,setVotingPeriod
FNDA:0,setQuorumThreshold
FNDA:2,getProposal
FNDA:2,getVoteInfo
FNDA:1,getVotingPower
DA:127,10
DA:128,10
DA:129,10
DA:150,7
DA:155,6
DA:156,6
DA:157,6
DA:159,6
DA:174,6
DA:183,6
DA:194,7
DA:196,7
DA:197,7
DA:198,7
DA:199,7
DA:201,6
DA:202,6
DA:204,6
DA:205,6
DA:207,6
DA:208,5
DA:210,1
DA:213,6
DA:223,2
DA:225,2
DA:226,2
DA:227,2
DA:229,2
DA:231,2
DA:232,1
DA:234,1
DA:236,0
DA:239,2
DA:250,1
DA:252,1
DA:253,1
DA:255,1
DA:257,1
DA:258,1
DA:269,0
DA:277,0
DA:278,0
DA:286,0
DA:297,2
DA:308,2
DA:317,1
LF:46
LH:41
BRDA:150,1,0,6
BRDA:150,1,1,1
BRDA:196,2,0,7
BRDA:196,2,1,0
BRDA:197,3,0,7
BRDA:197,3,1,0
BRDA:198,4,0,7
BRDA:198,4,1,0
BRDA:199,5,0,6
BRDA:199,5,1,1
BRDA:202,6,0,6
BRDA:202,6,1,0
BRDA:207,7,0,5
BRDA:207,7,1,1
BRDA:225,8,0,2
BRDA:225,8,1,0
BRDA:226,9,0,2
BRDA:226,9,1,0
BRDA:227,10,0,2
BRDA:227,10,1,0
BRDA:231,11,0,1
BRDA:231,11,1,1
BRDA:233,12,0,1
BRDA:233,12,1,0
BRDA:249,13,0,1
BRDA:249,13,1,0
BRDA:252,14,0,1
BRDA:252,14,1,0
BRDA:253,15,0,1
BRDA:253,15,1,0
BRDA:268,16,0,0
BRDA:268,16,1,0
BRDA:276,17,0,0
BRDA:276,17,1,0
BRDA:277,18,0,0
BRDA:277,18,1,0
BRDA:285,19,0,0
BRDA:285,19,1,0
BRF:38
BRH:19
end_of_record
TN:
SF:C:\Capstone Project\contracts\JobMarket.sol
FN:188,onlyOwner
FN:193,onlyClient
FN:198,onlyAssignedProvider
FN:206,jobExists
FN:211,isStakedProvider
FN:226,constructor
FN:243,stakeAsProvider
FN:274,unstake
FN:305,postJob
FN:360,submitBid
FN:394,acceptBid
FN:432,submitResult
FN:454,confirmCompletion
FN:491,cancelJob
FN:514,raiseDispute
FN:544,reportSLAViolation
FN:564,setPlatformFee
FN:575,setMinimumStake
FN:586,getJob
FN:595,getJobBids
FN:605,getOpenJobs
FN:630,isStaked
FN:639,getStake
FN:648,getProviderProfile
FN:659,getMarketStats
FNF:25
FNH:22
FNDA:3,onlyOwner
FNDA:35,onlyClient
FNDA:11,onlyAssignedProvider
FNDA:72,jobExists
FNDA:26,isStakedProvider
FNDA:45,constructor
FNDA:37,stakeAsProvider
FNDA:1,unstake
FNDA:35,postJob
FNDA:25,submitBid
FNDA:19,acceptBid
FNDA:10,submitResult
FNDA:8,confirmCompletion
FNDA:2,cancelJob
FNDA:5,raiseDispute
FNDA:0,reportSLAViolation
FNDA:2,setPlatformFee
FNDA:0,setMinimumStake
FNDA:5,getJob
FNDA:0,getJobBids
FNDA:2,getOpenJobs
FNDA:2,isStaked
FNDA:1,getStake
FNDA:1,getProviderProfile
FNDA:2,getMarketStats
DA:189,3
DA:190,2
DA:194,35
DA:195,34
DA:199,11
DA:203,10
DA:207,72
DA:208,72
DA:212,26
DA:216,25
DA:227,45
DA:228,45
DA:229,45
DA:249,37
DA:251,37
DA:253,37
DA:254,37
DA:263,37
DA:264,37
DA:267,37
DA:275,1
DA:277,1
DA:279,1
DA:280,1
DA:281,1
DA:282,1
DA:286,1
DA:287,1
DA:311,35
DA:312,34
DA:314,33
DA:316,33
DA:332,33
DA:342,33
DA:362,25
DA:363,25
DA:364,25
DA:365,24
DA:366,23
DA:371,22
DA:379,22
DA:381,22
DA:396,19
DA:397,19
DA:398,19
DA:401,19
DA:402,19
DA:404,19
DA:405,19
DA:406,19
DA:408,19
DA:409,19
DA:411,19
DA:415,19
DA:416,19
DA:417,19
DA:419,19
DA:434,10
DA:435,10
DA:437,10
DA:438,10
DA:440,10
DA:456,8
DA:457,8
DA:459,8
DA:460,8
DA:461,8
DA:464,8
DA:465,8
DA:466,8
DA:467,8
DA:470,8
DA:472,8
DA:473,8
DA:477,8
DA:479,8
DA:493,2
DA:494,2
DA:496,1
DA:497,1
DA:498,1
DA:500,1
DA:502,1
DA:516,5
DA:517,5
DA:522,4
DA:524,4
DA:525,4
DA:532,4
DA:546,0
DA:547,0
DA:548,0
DA:549,0
DA:552,0
DA:554,0
DA:565,2
DA:566,1
DA:567,1
DA:568,1
DA:576,0
DA:587,5
DA:596,0
DA:606,2
DA:607,2
DA:608,5
DA:609,4
DA:613,2
DA:614,2
DA:615,2
DA:616,5
DA:617,4
DA:618,4
DA:622,2
DA:631,2
DA:640,1
DA:649,1
DA:665,2
LF:117
LH:109
BRDA:189,1,0,2
BRDA:189,1,1,1
BRDA:194,2,0,34
BRDA:194,2,1,1
BRDA:199,3,0,10
BRDA:199,3,1,1
BRDA:207,4,0,72
BRDA:207,4,1,0
BRDA:212,5,0,25
BRDA:212,5,1,1
BRDA:249,6,0,37
BRDA:249,6,1,0
BRDA:263,7,0,37
BRDA:263,7,1,0
BRDA:274,8,0,1
BRDA:274,8,1,0
BRDA:275,9,0,1
BRDA:275,9,1,0
BRDA:279,10,0,1
BRDA:279,10,1,0
BRDA:281,11,0,1
BRDA:281,11,1,0
BRDA:311,12,0,34
BRDA:311,12,1,1
BRDA:312,13,0,33
BRDA:312,13,1,1
BRDA:359,14,0,26
BRDA:359,14,1,0
BRDA:360,15,0,25
BRDA:360,15,1,1
BRDA:363,16,0,25
BRDA:363,16,1,0
BRDA:364,17,0,24
BRDA:364,17,1,1
BRDA:365,18,0,23
BRDA:365,18,1,1
BRDA:366,19,0,22
BRDA:366,19,1,1
BRDA:393,20,0,20
BRDA:393,20,1,0
BRDA:394,21,0,19
BRDA:394,21,1,1
BRDA:397,22,0,19
BRDA:397,22,1,0
BRDA:398,23,0,19
BRDA:398,23,1,0
BRDA:405,24,0,19
BRDA:405,24,1,0
BRDA:408,25,0,19
BRDA:408,25,1,0
BRDA:431,26,0,11
BRDA:431,26,1,0
BRDA:432,27,0,10
BRDA:432,27,1,1
BRDA:435,28,0,10
BRDA:435,28,1,0
BRDA:452,29,0,8
BRDA:452,29,1,0
BRDA:453,30,0,8
BRDA:453,30,1,0
BRDA:454,31,0,8
BRDA:454,31,1,0
BRDA:457,32,0,8
BRDA:457,32,1,0
BRDA:472,33,0,8
BRDA:472,33,1,0
BRDA:489,34,0,2
BRDA:489,34,1,0
BRDA:490,35,0,2
BRDA:490,35,1,0
BRDA:491,36,0,2
BRDA:491,36,1,0
BRDA:494,37,0,1
BRDA:494,37,1,1
BRDA:513,38,0,5
BRDA:513,38,1,0
BRDA:514,39,0,5
BRDA:514,39,1,0
BRDA:517,40,0,4
BRDA:517,40,1,1
BRDA:518,41,0,4
BRDA:518,41,1,0
BRDA:544,42,0,0
BRDA:544,42,1,0
BRDA:547,43,0,0
BRDA:547,43,1,0
BRDA:548,44,0,0
BRDA:548,44,1,0
BRDA:549,45,0,0
BRDA:549,45,1,0
BRDA:564,46,0,2
BRDA:564,46,1,1
BRDA:565,47,0,1
BRDA:565,47,1,1
BRDA:575,48,0,0
BRDA:575,48,1,0
BRDA:608,49,0,4
BRDA:608,49,1,1
BRDA:616,50,0,4
BRDA:616,50,1,1
BRF:100
BRH:63
end_of_record
TN:
SF:C:\Capstone Project\contracts\Reputation.sol
FN:100,onlyOwner
FN:105,onlyJobMarket
FN:112,constructor
FN:122,setJobMarketContract
FN:131,setEpochDuration
FN:147,incrementReputation
FN:189,decrementReputation
FN:223,getScore
FN:237,getProviderStats
FN:255,getSuccessRate
FN:267,getProviderTier
FN:277,getLeaderboard
FN:285,getLeaderboardSize
FN:296,_calculateTier
FN:308,_updateLeaderboard
FNF:15
FNH:11
FNDA:45,onlyOwner
FNDA:8,onlyJobMarket
FNDA:45,constructor
FNDA:45,setJobMarketContract
FNDA:0,setEpochDuration
FNDA:8,incrementReputation
FNDA:0,decrementReputation
FNDA:0,getScore
FNDA:2,getProviderStats
FNDA:1,getSuccessRate
FNDA:3,getProviderTier
FNDA:0,getLeaderboard
FNDA:1,getLeaderboardSize
FNDA:8,_calculateTier
FNDA:8,_updateLeaderboard
DA:101,45
DA:102,45
DA:106,8
DA:107,8
DA:113,45
DA:123,45
DA:124,45
DA:132,0
DA:133,0
DA:148,8
DA:150,8
DA:151,8
DA:154,8
DA:155,8
DA:156,0
DA:160,8
DA:161,8
DA:164,8
DA:165,8
DA:166,8
DA:167,8
DA:170,8
DA:171,8
DA:173,8
DA:174,8
DA:178,8
DA:180,8
DA:190,0
DA:192,0
DA:193,0
DA:195,0
DA:196,0
DA:198,0
DA:199,0
DA:202,0
DA:203,0
DA:204,0
DA:207,0
DA:209,0
DA:210,0
DA:213,0
DA:224,0
DA:245,2
DA:246,2
DA:256,1
DA:257,0
DA:259,1
DA:268,3
DA:278,0
DA:286,1
DA:297,8
DA:298,8
DA:299,8
DA:300,8
DA:301,0
DA:309,8
DA:310,8
DA:311,8
DA:312,8
LF:59
LH:38
BRDA:101,1,0,45
BRDA:101,1,1,0
BRDA:106,2,0,8
BRDA:106,2,1,0
BRDA:122,3,0,45
BRDA:122,3,1,0
BRDA:131,4,0,0
BRDA:131,4,1,0
BRDA:132,5,0,0
BRDA:132,5,1,0
BRDA:147,6,0,8
BRDA:147,6,1,0
BRDA:155,7,0,0
BRDA:155,7,1,8
BRDA:160,8,0,8
BRDA:160,8,1,0
BRDA:173,9,0,8
BRDA:173,9,1,0
BRDA:189,10,0,0
BRDA:189,10,1,0
BRDA:195,11,0,0
BRDA:195,11,1,0
BRDA:209,12,0,0
BRDA:209,12,1,0
BRDA:256,13,0,0
BRDA:256,13,1,1
BRDA:297,14,0,0
BRDA:297,14,1,8
BRDA:298,15,0,0
BRDA:298,15,1,8
BRDA:299,16,0,0
BRDA:299,16,1,8
BRDA:300,17,0,8
BRDA:300,17,1,0
BRDA:309,18,0,8
BRDA:309,18,1,0
BRF:36
BRH:13
end_of_record
